{
  "stats": {
    "suites": 1,
    "tests": 2,
    "passes": 1,
    "pending": 0,
    "failures": 1,
    "start": "2023-11-23T16:26:24.018Z",
    "end": "2023-11-23T16:26:48.222Z",
    "duration": 24204,
    "testsRegistered": 2,
    "passPercent": 50,
    "pendingPercent": 0,
    "other": 0,
    "hasOther": false,
    "skipped": 0,
    "hasSkipped": false
  },
  "results": [
    {
      "uuid": "0aa60a86-32ca-4ca5-ac47-ff0c32303943",
      "title": "",
      "fullFile": "cypress/integration/Search.feature",
      "file": "cypress/integration/Search.feature",
      "beforeHooks": [],
      "afterHooks": [],
      "tests": [],
      "suites": [
        {
          "uuid": "2fe404f4-670c-4b92-9301-7d89a23ecb48",
          "title": "Searching for local restaurants",
          "fullFile": "",
          "file": "",
          "beforeHooks": [],
          "afterHooks": [],
          "tests": [
            {
              "title": "Successfully searching for local restaurants in London",
              "fullTitle": "Searching for local restaurants Successfully searching for local restaurants in London",
              "timedOut": null,
              "duration": 2589,
              "state": "passed",
              "speed": "fast",
              "pass": true,
              "fail": false,
              "pending": false,
              "context": null,
              "code": "const state = window.testState;\nreturn cy\n  .then(() => state.onStartScenario(scenario, indexedSteps))\n  .then(() =>\n    resolveAndRunBeforeHooks.call(this, scenario.tags, state.feature.name)\n  )\n  .then(() =>\n    indexedSteps.forEach((step) =>\n      stepTest.call(this, state, step, rowData)\n    )\n  )\n  .then(() => state.onFinishScenario(scenario));",
              "err": {},
              "uuid": "d677b8b7-88dd-44d8-804f-6a3cb4b8507a",
              "parentUUID": "2fe404f4-670c-4b92-9301-7d89a23ecb48",
              "isHook": false,
              "skipped": false
            },
            {
              "title": "Successfully searching for local restaurants in Africa",
              "fullTitle": "Searching for local restaurants Successfully searching for local restaurants in Africa",
              "timedOut": null,
              "duration": 6554,
              "state": "failed",
              "speed": null,
              "pass": false,
              "fail": true,
              "pending": false,
              "context": null,
              "code": "const state = window.testState;\nreturn cy\n  .then(() => state.onStartScenario(scenario, indexedSteps))\n  .then(() =>\n    resolveAndRunBeforeHooks.call(this, scenario.tags, state.feature.name)\n  )\n  .then(() =>\n    indexedSteps.forEach((step) =>\n      stepTest.call(this, state, step, rowData)\n    )\n  )\n  .then(() => state.onFinishScenario(scenario));",
              "err": {
                "message": "AssertionError: Timed out retrying after 4000ms: expected 'https://www.vouchercodes.co.uk/restaurant-vouchers/search?rd=2023-11-23&rp=2&rl=Africa' to not include 'https://www.vouchercodes.co.uk/restaurant-vouchers'",
                "estack": "AssertionError: Timed out retrying after 4000ms: expected 'https://www.vouchercodes.co.uk/restaurant-vouchers/search?rd=2023-11-23&rp=2&rl=Africa' to not include 'https://www.vouchercodes.co.uk/restaurant-vouchers'\n    at OffersPage.verifyNegativeSearchResults (cypress/support/pageObjects/SearchPage.js:61:15)\n    at Context.eval (cypress/support/step_definitions/SearchSteps.js:20:15)\n    at Context.resolveAndRunStepDefinition (node_modules/cypress-cucumber-preprocessor/lib/resolveStepDefinition.js:193:0)\n    at Context.eval (node_modules/cypress-cucumber-preprocessor/lib/createTestFromScenario.js:27:0)",
                "diff": null
              },
              "uuid": "6903ef9c-5339-4ff4-b6e3-04d4c837e3b9",
              "parentUUID": "2fe404f4-670c-4b92-9301-7d89a23ecb48",
              "isHook": false,
              "skipped": false
            }
          ],
          "suites": [],
          "passes": [
            "d677b8b7-88dd-44d8-804f-6a3cb4b8507a"
          ],
          "failures": [
            "6903ef9c-5339-4ff4-b6e3-04d4c837e3b9"
          ],
          "pending": [],
          "skipped": [],
          "duration": 9143,
          "root": false,
          "rootEmpty": false,
          "_timeout": 2000
        }
      ],
      "passes": [],
      "failures": [],
      "pending": [],
      "skipped": [],
      "duration": 0,
      "root": true,
      "rootEmpty": true,
      "_timeout": 2000
    }
  ],
  "meta": {
    "mocha": {
      "version": "7.0.1"
    },
    "mochawesome": {
      "options": {
        "quiet": false,
        "reportFilename": "mochawesome",
        "saveHtml": false,
        "saveJson": true,
        "consoleReporter": "spec",
        "useInlineDiffs": false,
        "code": true
      },
      "version": "7.1.3"
    },
    "marge": {
      "options": {
        "reportDir": "cypress/reports/mocha",
        "overwrite": false,
        "html": false,
        "json": true
      },
      "version": "6.2.0"
    }
  }
}